WARNING: Running pip as the 'root' user can result in broken permissions and conflicting behaviour with the system package manager. It is recommended to use a virtual environment instead: https://pip.pypa.io/warnings/venv

[notice] A new release of pip is available: 24.0 -> 26.1.1
[notice] To update, run: pip install --upgrade pip
Cloning into '/tmp/repo'...
Using detected profile name: syndicate_address_transform
18:34:05  Running with dbt=1.11.9
18:34:05  Updating lock file in file path: /tmp/repo/dbt-address-transform/package-lock.yml
18:34:05  Installing dbt-labs/dbt_external_tables
18:34:06  Installed from version 0.9.0
18:34:06  Updated version available: 0.12.2
18:34:06  
18:34:06  Updates available for packages: ['dbt-labs/dbt_external_tables']                 
Update your versions in packages.yml, then run dbt deps
18:34:12  Running with dbt=1.11.9
18:34:15  Registered adapter: bigquery=1.8.3
18:34:16  Unable to do partial parsing because saved manifest not found. Starting full parse.
18:34:21  Found 3 models, 8 data tests, 1 source, 571 macros
18:34:21  1 of 1 START external source qe_hack_syndicate_insight.address_raw_external
18:34:21  1 of 1 SKIP
18:34:28  Running with dbt=1.11.9
18:34:31  Registered adapter: bigquery=1.8.3
18:34:33  Found 3 models, 8 data tests, 1 source, 571 macros
18:34:33  
18:34:33  Concurrency: 4 threads (target='prod')
18:34:33  
18:34:33  1 of 3 START sql incremental model qe_hack_syndicate_insight.processed_files_metadata  [RUN]
18:34:36  1 of 3 OK created sql incremental model qe_hack_syndicate_insight.processed_files_metadata  [CREATE TABLE (0.0 rows, 0 processed) in 2.45s]
18:34:36  2 of 3 START sql view model qe_hack_syndicate_insight.stg_address_raw .......... [RUN]
18:34:37  BigQuery adapter: https://console.cloud.google.com/bigquery?project=project-61358164-b71e-4422-a5c&j=bq:us-central1:e3a5a2f1-058e-4b43-9cf7-50926a9490a5&page=queryresults
18:34:37  2 of 3 ERROR creating sql view model qe_hack_syndicate_insight.stg_address_raw . [ERROR in 1.54s]
18:34:37  3 of 3 SKIP relation qe_hack_syndicate_insight.address_enriched ................ [SKIP]
18:34:37  
18:34:37  Finished running 2 incremental models, 1 view model in 0 hours 0 minutes and 4.46 seconds (4.46s).
18:34:38  
18:34:38  Completed with 1 error, 0 partial successes, and 0 warnings:
18:34:38  
18:34:38  Failure in model stg_address_raw (models/staging/stg_address_raw.sql)
18:34:38    Database Error in model stg_address_raw (models/staging/stg_address_raw.sql)
  Unrecognized name: address_id at [15:5]
  compiled code at target/run/syndicate_address_transform/models/staging/stg_address_raw.sql
18:34:38  
18:34:38    compiled code at target/compiled/syndicate_address_transform/models/staging/stg_address_raw.sql
18:34:38  
18:34:38  Done. PASS=1 WARN=0 ERROR=1 SKIP=1 NO-OP=0 TOTAL=3